mode: set
nexus-open/internal/config/config.go:63.48,64.16 1 1
nexus-open/internal/config/config.go:64.16,67.17 2 0
nexus-open/internal/config/config.go:67.17,69.4 1 0
nexus-open/internal/config/config.go:70.3,70.63 1 0
nexus-open/internal/config/config.go:73.2,79.33 2 1
nexus-open/internal/config/config.go:79.33,81.3 1 0
nexus-open/internal/config/config.go:83.2,83.15 1 1
nexus-open/internal/config/config.go:87.32,92.51 3 1
nexus-open/internal/config/config.go:92.51,93.49 1 1
nexus-open/internal/config/config.go:93.49,95.4 1 0
nexus-open/internal/config/config.go:99.2,102.45 3 1
nexus-open/internal/config/config.go:102.45,104.3 1 0
nexus-open/internal/config/config.go:106.2,107.46 2 1
nexus-open/internal/config/config.go:107.46,109.3 1 0
nexus-open/internal/config/config.go:112.2,112.39 1 1
nexus-open/internal/config/config.go:112.39,114.3 1 0
nexus-open/internal/config/config.go:116.2,117.12 2 1
nexus-open/internal/config/config.go:121.32,125.2 3 1
nexus-open/internal/config/config.go:128.44,130.39 1 1
nexus-open/internal/config/config.go:130.39,132.3 1 1
nexus-open/internal/config/config.go:134.2,140.33 4 1
nexus-open/internal/config/config.go:140.33,142.3 1 0
nexus-open/internal/config/config.go:145.2,147.12 2 1
nexus-open/internal/config/config.go:151.43,155.2 3 1
nexus-open/internal/config/config.go:158.32,160.64 1 1
nexus-open/internal/config/config.go:160.64,162.3 1 0
nexus-open/internal/config/config.go:164.2,176.28 10 1
nexus-open/internal/config/config.go:180.47,193.2 3 1
nexus-open/internal/config/config.go:196.46,197.32 1 1
nexus-open/internal/config/config.go:197.32,198.10 1 1
nexus-open/internal/config/config.go:199.18,199.18 0 1
nexus-open/internal/config/config.go:200.11,200.11 0 0
nexus-open/internal/config/config.go:207.35,209.74 1 1
nexus-open/internal/config/config.go:209.74,211.3 1 1
nexus-open/internal/config/config.go:214.2,214.52 1 1
nexus-open/internal/config/config.go:214.52,216.3 1 1
nexus-open/internal/config/config.go:219.2,219.35 1 1
nexus-open/internal/config/config.go:219.35,221.3 1 1
nexus-open/internal/config/config.go:222.2,222.41 1 1
nexus-open/internal/config/config.go:222.41,224.3 1 0
nexus-open/internal/config/config.go:227.2,227.22 1 1
nexus-open/internal/config/config.go:227.22,229.3 1 1
nexus-open/internal/config/config.go:231.2,231.12 1 1
nexus-open/internal/config/config.go:235.54,237.2 1 1
nexus-open/internal/config/config.go:240.60,242.2 1 1
nexus-open/internal/config/config.go:245.37,247.2 1 1
nexus-open/internal/config/config.go:250.53,251.27 1 1
nexus-open/internal/config/config.go:251.27,253.3 1 0
nexus-open/internal/config/config.go:255.2,257.16 3 1
nexus-open/internal/config/config.go:257.16,259.3 1 0
nexus-open/internal/config/config.go:261.2,261.50 1 1
nexus-open/internal/app/app.go:35.40,48.27 3 0
nexus-open/internal/app/app.go:48.27,50.3 1 0
nexus-open/internal/app/app.go:58.2,58.17 1 0
nexus-open/internal/app/app.go:62.46,75.9 3 0
nexus-open/internal/app/app.go:76.20,78.19 2 0
nexus-open/internal/app/app.go:79.22,81.13 2 0
nexus-open/internal/app/app.go:86.32,89.27 2 0
nexus-open/internal/app/app.go:89.27,101.3 5 0
nexus-open/internal/app/app.go:103.2,103.20 1 0
nexus-open/internal/app/app.go:107.34,118.2 2 0
nexus-open/internal/app/app.go:121.29,131.2 2 0
nexus-open/internal/app/app.go:134.28,144.2 2 0
nexus-open/internal/app/options.go:9.45,10.22 1 0
nexus-open/internal/app/options.go:10.22,12.3 1 0
nexus-open/internal/app/options.go:16.41,17.22 1 0
nexus-open/internal/app/options.go:17.22,19.3 1 0
nexus-open/internal/app/options.go:23.35,24.22 1 0
nexus-open/internal/app/options.go:24.22,26.3 1 0
nexus-open/internal/device/errors.go:11.38,13.2 1 1
nexus-open/internal/device/errors.go:15.38,17.2 1 0
nexus-open/internal/device/errors.go:20.49,25.2 1 1
nexus-open/internal/device/mock.go:26.34,31.2 1 1
nexus-open/internal/device/mock.go:34.57,38.24 3 1
nexus-open/internal/device/mock.go:38.24,40.3 1 0
nexus-open/internal/device/mock.go:42.2,42.35 1 1
nexus-open/internal/device/mock.go:42.35,45.3 2 1
nexus-open/internal/device/mock.go:47.2,48.12 2 1
nexus-open/internal/device/mock.go:52.41,56.27 3 1
nexus-open/internal/device/mock.go:56.27,58.3 1 0
nexus-open/internal/device/mock.go:60.2,61.12 2 1
nexus-open/internal/device/mock.go:65.41,69.2 3 1
nexus-open/internal/device/mock.go:72.72,76.26 3 1
nexus-open/internal/device/mock.go:76.26,78.3 1 0
nexus-open/internal/device/mock.go:80.2,80.18 1 1
nexus-open/internal/device/mock.go:80.18,82.3 1 1
nexus-open/internal/device/mock.go:84.2,84.38 1 1
nexus-open/internal/device/mock.go:84.38,87.3 2 0
nexus-open/internal/device/mock.go:89.2,89.28 1 1
nexus-open/internal/device/mock.go:89.28,91.3 1 1
nexus-open/internal/device/mock.go:93.2,97.12 4 1
nexus-open/internal/device/mock.go:101.75,105.18 3 1
nexus-open/internal/device/mock.go:105.18,107.3 1 0
nexus-open/internal/device/mock.go:109.2,111.20 3 1
nexus-open/internal/device/mock.go:115.37,119.18 3 1
nexus-open/internal/device/mock.go:119.18,121.3 1 1
nexus-open/internal/device/mock.go:123.2,123.12 1 1
nexus-open/internal/device/mock.go:129.86,138.2 3 1
nexus-open/internal/device/mock.go:141.49,145.2 3 1
nexus-open/internal/device/mock.go:148.42,152.2 3 1
nexus-open/internal/device/mock.go:155.44,158.24 3 1
nexus-open/internal/device/mock.go:158.24,160.3 1 0
nexus-open/internal/device/mock.go:161.2,163.14 3 1
nexus-open/internal/device/mock.go:167.43,171.2 3 0
nexus-open/internal/device/nexus.go:31.80,32.19 1 0
nexus-open/internal/device/nexus.go:32.19,34.3 1 0
nexus-open/internal/device/nexus.go:37.2,37.26 1 0
nexus-open/internal/device/nexus.go:37.26,39.3 1 0
nexus-open/internal/device/nexus.go:40.2,40.27 1 0
nexus-open/internal/device/nexus.go:40.27,42.3 1 0
nexus-open/internal/device/nexus.go:43.2,43.34 1 0
nexus-open/internal/device/nexus.go:43.34,45.3 1 0
nexus-open/internal/device/nexus.go:46.2,46.32 1 0
nexus-open/internal/device/nexus.go:46.32,48.3 1 0
nexus-open/internal/device/nexus.go:50.2,54.3 1 0
nexus-open/internal/device/nexus.go:58.58,62.17 3 0
nexus-open/internal/device/nexus.go:62.17,64.3 1 0
nexus-open/internal/device/nexus.go:67.2,67.18 1 0
nexus-open/internal/device/nexus.go:67.18,69.3 1 0
nexus-open/internal/device/nexus.go:72.2,72.70 1 0
nexus-open/internal/device/nexus.go:72.70,75.3 1 0
nexus-open/internal/device/nexus.go:76.2,76.16 1 0
nexus-open/internal/device/nexus.go:76.16,78.3 1 0
nexus-open/internal/device/nexus.go:80.2,80.23 1 0
nexus-open/internal/device/nexus.go:80.23,82.3 1 0
nexus-open/internal/device/nexus.go:85.2,88.36 2 0
nexus-open/internal/device/nexus.go:88.36,90.3 1 0
nexus-open/internal/device/nexus.go:93.2,93.53 1 0
nexus-open/internal/device/nexus.go:93.53,97.3 3 0
nexus-open/internal/device/nexus.go:100.2,101.16 2 0
nexus-open/internal/device/nexus.go:101.16,105.3 3 0
nexus-open/internal/device/nexus.go:108.2,109.16 2 0
nexus-open/internal/device/nexus.go:109.16,113.3 3 0
nexus-open/internal/device/nexus.go:115.2,124.21 4 0
nexus-open/internal/device/nexus.go:124.21,127.3 2 0
nexus-open/internal/device/nexus.go:129.2,129.12 1 0
nexus-open/internal/device/nexus.go:133.42,138.20 3 0
nexus-open/internal/device/nexus.go:138.20,141.3 2 0
nexus-open/internal/device/nexus.go:143.2,143.23 1 0
nexus-open/internal/device/nexus.go:147.42,148.18 1 0
nexus-open/internal/device/nexus.go:148.18,150.3 1 0
nexus-open/internal/device/nexus.go:152.2,152.19 1 0
nexus-open/internal/device/nexus.go:152.19,155.3 2 0
nexus-open/internal/device/nexus.go:157.2,157.21 1 0
nexus-open/internal/device/nexus.go:157.21,160.3 2 0
nexus-open/internal/device/nexus.go:162.2,165.12 3 0
nexus-open/internal/device/nexus.go:169.42,173.2 3 0
nexus-open/internal/device/nexus.go:176.73,180.37 3 0
nexus-open/internal/device/nexus.go:180.37,182.3 1 0
nexus-open/internal/device/nexus.go:184.2,184.28 1 0
nexus-open/internal/device/nexus.go:184.28,186.3 1 0
nexus-open/internal/device/nexus.go:190.2,190.38 1 0
nexus-open/internal/device/nexus.go:194.69,195.19 1 0
nexus-open/internal/device/nexus.go:195.19,197.3 1 0
nexus-open/internal/device/nexus.go:200.2,201.16 2 0
nexus-open/internal/device/nexus.go:201.16,203.3 1 0
nexus-open/internal/device/nexus.go:205.2,211.36 5 0
nexus-open/internal/device/nexus.go:211.36,214.23 2 0
nexus-open/internal/device/nexus.go:214.23,217.4 2 0
nexus-open/internal/device/nexus.go:217.9,220.4 2 0
nexus-open/internal/device/nexus.go:222.3,225.67 2 0
nexus-open/internal/device/nexus.go:225.67,232.4 6 0
nexus-open/internal/device/nexus.go:235.3,236.17 2 0
nexus-open/internal/device/nexus.go:236.17,241.4 4 0
nexus-open/internal/device/nexus.go:244.2,244.12 1 0
nexus-open/internal/device/nexus.go:248.76,252.18 3 0
nexus-open/internal/device/nexus.go:252.18,254.3 1 0
nexus-open/internal/device/nexus.go:258.2,258.28 1 0
nexus-open/internal/device/nexus.go:262.38,266.21 3 0
nexus-open/internal/device/nexus.go:266.21,268.3 1 0
nexus-open/internal/device/nexus.go:270.2,270.19 1 0
nexus-open/internal/device/nexus.go:270.19,272.3 1 0
nexus-open/internal/device/nexus.go:274.2,274.12 1 0
nexus-open/internal/device/nexus.go:278.43,282.6 3 0
nexus-open/internal/device/nexus.go:282.6,283.10 1 0
nexus-open/internal/device/nexus.go:284.26,285.10 1 0
nexus-open/internal/device/nexus.go:286.19,291.18 4 0
nexus-open/internal/device/nexus.go:291.18,293.5 1 0
nexus-open/internal/device/nexus.go:293.10,295.38 1 0
nexus-open/internal/device/nexus.go:295.38,300.6 4 0
nexus-open/internal/device/nexus.go:307.42,310.49 2 0
nexus-open/internal/device/nexus.go:310.49,316.40 2 0
nexus-open/internal/device/nexus.go:316.40,319.4 2 0
nexus-open/internal/device/nexus.go:321.3,321.38 1 0
nexus-open/internal/device/nexus.go:321.38,324.4 2 0
nexus-open/internal/device/nexus.go:327.2,327.58 1 0
